<?xml version="1.0" encoding="UTF-8"?>
<testsuites>
	<testsuite name="success" errors="0" failures="0" tests="1" time="0.01">
		<testcase classname="success" name="Module 21: a basic test example" assertions="1" time="0.01">
		</testcase>
	</testsuite>
</testsuites>
